[0.030s] Invoking command in '/home/matic/bumperbot_ws/build/bumperbot_description': CMAKE_PREFIX_PATH=${CMAKE_PREFIX_PATH}:/opt/ros/jazzy DEBUGINFOD_URLS=https://debuginfod.ubuntu.com /usr/bin/cmake --build /home/matic/bumperbot_ws/build/bumperbot_description -- -j8 -l8
[0.518s] Invoked command in '/home/matic/bumperbot_ws/build/bumperbot_description' returned '0': CMAKE_PREFIX_PATH=${CMAKE_PREFIX_PATH}:/opt/ros/jazzy DEBUGINFOD_URLS=https://debuginfod.ubuntu.com /usr/bin/cmake --build /home/matic/bumperbot_ws/build/bumperbot_description -- -j8 -l8
[0.520s] Invoking command in '/home/matic/bumperbot_ws/build/bumperbot_description': CMAKE_PREFIX_PATH=${CMAKE_PREFIX_PATH}:/opt/ros/jazzy DEBUGINFOD_URLS=https://debuginfod.ubuntu.com /usr/bin/cmake --install /home/matic/bumperbot_ws/build/bumperbot_description
[0.541s] -- Install configuration: ""
[0.542s] -- Up-to-date: /home/matic/bumperbot_ws/install/bumperbot_description/share/bumperbot_description/meshes
[0.543s] -- Up-to-date: /home/matic/bumperbot_ws/install/bumperbot_description/share/bumperbot_description/meshes/wheel_left_link.STL
[0.543s] -- Up-to-date: /home/matic/bumperbot_ws/install/bumperbot_description/share/bumperbot_description/meshes/imu_link.STL
[0.543s] -- Up-to-date: /home/matic/bumperbot_ws/install/bumperbot_description/share/bumperbot_description/meshes/caster_front_link.STL
[0.543s] -- Up-to-date: /home/matic/bumperbot_ws/install/bumperbot_description/share/bumperbot_description/meshes/base_link.STL
[0.544s] -- Up-to-date: /home/matic/bumperbot_ws/install/bumperbot_description/share/bumperbot_description/meshes/wheel_right_link.STL
[0.545s] -- Up-to-date: /home/matic/bumperbot_ws/install/bumperbot_description/share/bumperbot_description/meshes/caster_rear_link.STL
[0.545s] -- Up-to-date: /home/matic/bumperbot_ws/install/bumperbot_description/share/bumperbot_description/urdf
[0.545s] -- Installing: /home/matic/bumperbot_ws/install/bumperbot_description/share/bumperbot_description/urdf/bumperbot.urdf.xacro
[0.546s] -- Up-to-date: /home/matic/bumperbot_ws/install/bumperbot_description/share/ament_index/resource_index/package_run_dependencies/bumperbot_description
[0.546s] -- Up-to-date: /home/matic/bumperbot_ws/install/bumperbot_description/share/ament_index/resource_index/parent_prefix_path/bumperbot_description
[0.546s] -- Up-to-date: /home/matic/bumperbot_ws/install/bumperbot_description/share/bumperbot_description/environment/ament_prefix_path.sh
[0.546s] -- Up-to-date: /home/matic/bumperbot_ws/install/bumperbot_description/share/bumperbot_description/environment/ament_prefix_path.dsv
[0.546s] -- Up-to-date: /home/matic/bumperbot_ws/install/bumperbot_description/share/bumperbot_description/environment/path.sh
[0.547s] -- Up-to-date: /home/matic/bumperbot_ws/install/bumperbot_description/share/bumperbot_description/environment/path.dsv
[0.547s] -- Up-to-date: /home/matic/bumperbot_ws/install/bumperbot_description/share/bumperbot_description/local_setup.bash
[0.547s] -- Up-to-date: /home/matic/bumperbot_ws/install/bumperbot_description/share/bumperbot_description/local_setup.sh
[0.547s] -- Up-to-date: /home/matic/bumperbot_ws/install/bumperbot_description/share/bumperbot_description/local_setup.zsh
[0.547s] -- Up-to-date: /home/matic/bumperbot_ws/install/bumperbot_description/share/bumperbot_description/local_setup.dsv
[0.548s] -- Installing: /home/matic/bumperbot_ws/install/bumperbot_description/share/bumperbot_description/package.dsv
[0.548s] -- Up-to-date: /home/matic/bumperbot_ws/install/bumperbot_description/share/ament_index/resource_index/packages/bumperbot_description
[0.548s] -- Up-to-date: /home/matic/bumperbot_ws/install/bumperbot_description/share/bumperbot_description/cmake/bumperbot_descriptionConfig.cmake
[0.548s] -- Up-to-date: /home/matic/bumperbot_ws/install/bumperbot_description/share/bumperbot_description/cmake/bumperbot_descriptionConfig-version.cmake
[0.548s] -- Up-to-date: /home/matic/bumperbot_ws/install/bumperbot_description/share/bumperbot_description/package.xml
[0.574s] Invoked command in '/home/matic/bumperbot_ws/build/bumperbot_description' returned '0': CMAKE_PREFIX_PATH=${CMAKE_PREFIX_PATH}:/opt/ros/jazzy DEBUGINFOD_URLS=https://debuginfod.ubuntu.com /usr/bin/cmake --install /home/matic/bumperbot_ws/build/bumperbot_description
