[1.763s] Invoking command in '/home/matic/self_driving_project/src/bumperbot_py_examples': DEBUGINFOD_URLS=https://debuginfod.ubuntu.com PYTHONPATH=/home/matic/self_driving_project/build/bumperbot_py_examples/prefix_override:/usr/lib/python3/dist-packages/colcon_core/task/python/colcon_distutils_commands:/home/matic/self_driving_project/install/bumperbot_py_examples/lib/python3.12/site-packages:${PYTHONPATH} /usr/bin/python3 -W ignore:setup.py install is deprecated -W ignore:easy_install command is deprecated setup.py egg_info --egg-base ../../build/bumperbot_py_examples build --build-base /home/matic/self_driving_project/build/bumperbot_py_examples/build install --record /home/matic/self_driving_project/build/bumperbot_py_examples/install.log --single-version-externally-managed install_data
[2.112s] running egg_info
[2.139s] writing ../../build/bumperbot_py_examples/bumperbot_py_examples.egg-info/PKG-INFO
[2.139s] writing dependency_links to ../../build/bumperbot_py_examples/bumperbot_py_examples.egg-info/dependency_links.txt
[2.140s] writing entry points to ../../build/bumperbot_py_examples/bumperbot_py_examples.egg-info/entry_points.txt
[2.140s] writing requirements to ../../build/bumperbot_py_examples/bumperbot_py_examples.egg-info/requires.txt
[2.140s] writing top-level names to ../../build/bumperbot_py_examples/bumperbot_py_examples.egg-info/top_level.txt
[2.195s] reading manifest file '../../build/bumperbot_py_examples/bumperbot_py_examples.egg-info/SOURCES.txt'
[2.196s] writing manifest file '../../build/bumperbot_py_examples/bumperbot_py_examples.egg-info/SOURCES.txt'
[2.197s] running build
[2.197s] running build_py
[2.197s] running install
[2.205s] running install_lib
[2.233s] running install_data
[2.233s] running install_egg_info
[2.260s] removing '/home/matic/self_driving_project/install/bumperbot_py_examples/lib/python3.12/site-packages/bumperbot_py_examples-0.0.0-py3.12.egg-info' (and everything under it)
[2.261s] Copying ../../build/bumperbot_py_examples/bumperbot_py_examples.egg-info to /home/matic/self_driving_project/install/bumperbot_py_examples/lib/python3.12/site-packages/bumperbot_py_examples-0.0.0-py3.12.egg-info
[2.262s] running install_scripts
[2.437s] Installing simple_publisher script to /home/matic/self_driving_project/install/bumperbot_py_examples/lib/bumperbot_py_examples
[2.438s] Installing simple_subscriber script to /home/matic/self_driving_project/install/bumperbot_py_examples/lib/bumperbot_py_examples
[2.438s] writing list of installed files to '/home/matic/self_driving_project/build/bumperbot_py_examples/install.log'
[2.470s] Invoked command in '/home/matic/self_driving_project/src/bumperbot_py_examples' returned '0': DEBUGINFOD_URLS=https://debuginfod.ubuntu.com PYTHONPATH=/home/matic/self_driving_project/build/bumperbot_py_examples/prefix_override:/usr/lib/python3/dist-packages/colcon_core/task/python/colcon_distutils_commands:/home/matic/self_driving_project/install/bumperbot_py_examples/lib/python3.12/site-packages:${PYTHONPATH} /usr/bin/python3 -W ignore:setup.py install is deprecated -W ignore:easy_install command is deprecated setup.py egg_info --egg-base ../../build/bumperbot_py_examples build --build-base /home/matic/self_driving_project/build/bumperbot_py_examples/build install --record /home/matic/self_driving_project/build/bumperbot_py_examples/install.log --single-version-externally-managed install_data
