[0.025s] Invoking command in '/home/matic/bumperbot_ws/build/bumperbot_description': CMAKE_PREFIX_PATH=${CMAKE_PREFIX_PATH}:/opt/ros/jazzy DEBUGINFOD_URLS=https://debuginfod.ubuntu.com /usr/bin/cmake /home/matic/bumperbot_ws/src/bumperbot_description -DCMAKE_INSTALL_PREFIX=/home/matic/bumperbot_ws/install/bumperbot_description
[0.170s] -- The C compiler identification is GNU 13.3.0
[0.286s] -- The CXX compiler identification is GNU 13.3.0
[0.314s] -- Detecting C compiler ABI info
[0.444s] -- Detecting C compiler ABI info - done
[0.464s] -- Check for working C compiler: /usr/bin/cc - skipped
[0.464s] -- Detecting C compile features
[0.466s] -- Detecting C compile features - done
[0.481s] -- Detecting CXX compiler ABI info
[0.632s] -- Detecting CXX compiler ABI info - done
[0.648s] -- Check for working CXX compiler: /usr/bin/c++ - skipped
[0.649s] -- Detecting CXX compile features
[0.650s] -- Detecting CXX compile features - done
[0.658s] -- Found ament_cmake: 2.5.3 (/opt/ros/jazzy/share/ament_cmake/cmake)
[0.896s] -- Found Python3: /usr/bin/python3 (found version "3.12.3") found components: Interpreter 
[1.088s] -- Found ament_lint_auto: 0.17.1 (/opt/ros/jazzy/share/ament_lint_auto/cmake)
[1.268s] -- Added test 'lint_cmake' to check CMake code style
[1.270s] -- Added test 'xmllint' to check XML markup files
[1.273s] -- Configuring done (1.2s)
[1.277s] -- Generating done (0.0s)
[1.280s] -- Build files have been written to: /home/matic/bumperbot_ws/build/bumperbot_description
[1.287s] Invoked command in '/home/matic/bumperbot_ws/build/bumperbot_description' returned '0': CMAKE_PREFIX_PATH=${CMAKE_PREFIX_PATH}:/opt/ros/jazzy DEBUGINFOD_URLS=https://debuginfod.ubuntu.com /usr/bin/cmake /home/matic/bumperbot_ws/src/bumperbot_description -DCMAKE_INSTALL_PREFIX=/home/matic/bumperbot_ws/install/bumperbot_description
[1.288s] Invoking command in '/home/matic/bumperbot_ws/build/bumperbot_description': CMAKE_PREFIX_PATH=${CMAKE_PREFIX_PATH}:/opt/ros/jazzy DEBUGINFOD_URLS=https://debuginfod.ubuntu.com /usr/bin/cmake --build /home/matic/bumperbot_ws/build/bumperbot_description -- -j8 -l8
[1.347s] Invoked command in '/home/matic/bumperbot_ws/build/bumperbot_description' returned '0': CMAKE_PREFIX_PATH=${CMAKE_PREFIX_PATH}:/opt/ros/jazzy DEBUGINFOD_URLS=https://debuginfod.ubuntu.com /usr/bin/cmake --build /home/matic/bumperbot_ws/build/bumperbot_description -- -j8 -l8
[1.349s] Invoking command in '/home/matic/bumperbot_ws/build/bumperbot_description': CMAKE_PREFIX_PATH=${CMAKE_PREFIX_PATH}:/opt/ros/jazzy DEBUGINFOD_URLS=https://debuginfod.ubuntu.com /usr/bin/cmake --install /home/matic/bumperbot_ws/build/bumperbot_description
[1.361s] -- Install configuration: ""
[1.361s] -- Installing: /home/matic/bumperbot_ws/install/bumperbot_description/share/ament_index/resource_index/package_run_dependencies/bumperbot_description
[1.361s] -- Installing: /home/matic/bumperbot_ws/install/bumperbot_description/share/ament_index/resource_index/parent_prefix_path/bumperbot_description
[1.362s] -- Installing: /home/matic/bumperbot_ws/install/bumperbot_description/share/bumperbot_description/environment/ament_prefix_path.sh
[1.362s] -- Installing: /home/matic/bumperbot_ws/install/bumperbot_description/share/bumperbot_description/environment/ament_prefix_path.dsv
[1.362s] -- Installing: /home/matic/bumperbot_ws/install/bumperbot_description/share/bumperbot_description/environment/path.sh
[1.363s] -- Installing: /home/matic/bumperbot_ws/install/bumperbot_description/share/bumperbot_description/environment/path.dsv
[1.363s] -- Installing: /home/matic/bumperbot_ws/install/bumperbot_description/share/bumperbot_description/local_setup.bash
[1.363s] -- Installing: /home/matic/bumperbot_ws/install/bumperbot_description/share/bumperbot_description/local_setup.sh
[1.363s] -- Installing: /home/matic/bumperbot_ws/install/bumperbot_description/share/bumperbot_description/local_setup.zsh
[1.363s] -- Installing: /home/matic/bumperbot_ws/install/bumperbot_description/share/bumperbot_description/local_setup.dsv
[1.363s] -- Installing: /home/matic/bumperbot_ws/install/bumperbot_description/share/bumperbot_description/package.dsv
[1.364s] -- Installing: /home/matic/bumperbot_ws/install/bumperbot_description/share/ament_index/resource_index/packages/bumperbot_description
[1.364s] -- Installing: /home/matic/bumperbot_ws/install/bumperbot_description/share/bumperbot_description/cmake/bumperbot_descriptionConfig.cmake
[1.364s] -- Installing: /home/matic/bumperbot_ws/install/bumperbot_description/share/bumperbot_description/cmake/bumperbot_descriptionConfig-version.cmake
[1.364s] -- Installing: /home/matic/bumperbot_ws/install/bumperbot_description/share/bumperbot_description/package.xml
[1.368s] Invoked command in '/home/matic/bumperbot_ws/build/bumperbot_description' returned '0': CMAKE_PREFIX_PATH=${CMAKE_PREFIX_PATH}:/opt/ros/jazzy DEBUGINFOD_URLS=https://debuginfod.ubuntu.com /usr/bin/cmake --install /home/matic/bumperbot_ws/build/bumperbot_description
