[0.029s] Invoking command in '/home/matic/bumperbot_ws/build/bumperbot_description': CMAKE_PREFIX_PATH=${CMAKE_PREFIX_PATH}:/home/matic/bumperbot_ws/install/bumperbot_py_examples:/opt/ros/jazzy DEBUGINFOD_URLS=https://debuginfod.ubuntu.com /usr/bin/cmake --build /home/matic/bumperbot_ws/build/bumperbot_description -- -j8 -l8
[0.078s] -- Found ament_cmake: 2.5.3 (/opt/ros/jazzy/share/ament_cmake/cmake)
[0.454s] -- Found ament_lint_auto: 0.17.1 (/opt/ros/jazzy/share/ament_lint_auto/cmake)
[0.650s] -- Added test 'flake8' to check Python code syntax and style conventions
[0.650s] -- Configured 'flake8' exclude dirs and/or files: 
[0.651s] -- Added test 'lint_cmake' to check CMake code style
[0.652s] -- Added test 'pep257' to check Python code against some of the docstring style conventions in PEP 257
[0.654s] -- Added test 'xmllint' to check XML markup files
[0.656s] -- Configuring done (0.6s)
[0.667s] -- Generating done (0.0s)
[0.672s] -- Build files have been written to: /home/matic/bumperbot_ws/build/bumperbot_description
[0.707s] Invoked command in '/home/matic/bumperbot_ws/build/bumperbot_description' returned '0': CMAKE_PREFIX_PATH=${CMAKE_PREFIX_PATH}:/home/matic/bumperbot_ws/install/bumperbot_py_examples:/opt/ros/jazzy DEBUGINFOD_URLS=https://debuginfod.ubuntu.com /usr/bin/cmake --build /home/matic/bumperbot_ws/build/bumperbot_description -- -j8 -l8
[0.709s] Invoking command in '/home/matic/bumperbot_ws/build/bumperbot_description': CMAKE_PREFIX_PATH=${CMAKE_PREFIX_PATH}:/home/matic/bumperbot_ws/install/bumperbot_py_examples:/opt/ros/jazzy DEBUGINFOD_URLS=https://debuginfod.ubuntu.com /usr/bin/cmake --install /home/matic/bumperbot_ws/build/bumperbot_description
[0.722s] -- Install configuration: ""
[0.722s] -- Up-to-date: /home/matic/bumperbot_ws/install/bumperbot_description/share/bumperbot_description/meshes
[0.723s] -- Up-to-date: /home/matic/bumperbot_ws/install/bumperbot_description/share/bumperbot_description/meshes/wheel_left_link.STL
[0.723s] -- Up-to-date: /home/matic/bumperbot_ws/install/bumperbot_description/share/bumperbot_description/meshes/imu_link.STL
[0.723s] -- Up-to-date: /home/matic/bumperbot_ws/install/bumperbot_description/share/bumperbot_description/meshes/caster_front_link.STL
[0.723s] -- Up-to-date: /home/matic/bumperbot_ws/install/bumperbot_description/share/bumperbot_description/meshes/base_link.STL
[0.723s] -- Up-to-date: /home/matic/bumperbot_ws/install/bumperbot_description/share/bumperbot_description/meshes/wheel_right_link.STL
[0.723s] -- Up-to-date: /home/matic/bumperbot_ws/install/bumperbot_description/share/bumperbot_description/meshes/caster_rear_link.STL
[0.724s] -- Up-to-date: /home/matic/bumperbot_ws/install/bumperbot_description/share/bumperbot_description/urdf
[0.724s] -- Installing: /home/matic/bumperbot_ws/install/bumperbot_description/share/bumperbot_description/urdf/bumperbot.urdf.xacro
[0.724s] -- Installing: /home/matic/bumperbot_ws/install/bumperbot_description/share/bumperbot_description/urdf/bumperbot_gazebo.xacro
[0.724s] -- Up-to-date: /home/matic/bumperbot_ws/install/bumperbot_description/share/bumperbot_description/launch
[0.725s] -- Up-to-date: /home/matic/bumperbot_ws/install/bumperbot_description/share/bumperbot_description/launch/display.launch.py
[0.725s] -- Installing: /home/matic/bumperbot_ws/install/bumperbot_description/share/bumperbot_description/launch/gazebo.launch.py
[0.725s] -- Up-to-date: /home/matic/bumperbot_ws/install/bumperbot_description/share/bumperbot_description/rviz
[0.725s] -- Up-to-date: /home/matic/bumperbot_ws/install/bumperbot_description/share/bumperbot_description/rviz/display.rviz
[0.725s] -- Installing: /home/matic/bumperbot_ws/install/bumperbot_description/share/ament_index/resource_index/package_run_dependencies/bumperbot_description
[0.725s] -- Installing: /home/matic/bumperbot_ws/install/bumperbot_description/share/ament_index/resource_index/parent_prefix_path/bumperbot_description
[0.726s] -- Up-to-date: /home/matic/bumperbot_ws/install/bumperbot_description/share/bumperbot_description/environment/ament_prefix_path.sh
[0.726s] -- Up-to-date: /home/matic/bumperbot_ws/install/bumperbot_description/share/bumperbot_description/environment/ament_prefix_path.dsv
[0.726s] -- Up-to-date: /home/matic/bumperbot_ws/install/bumperbot_description/share/bumperbot_description/environment/path.sh
[0.726s] -- Up-to-date: /home/matic/bumperbot_ws/install/bumperbot_description/share/bumperbot_description/environment/path.dsv
[0.726s] -- Up-to-date: /home/matic/bumperbot_ws/install/bumperbot_description/share/bumperbot_description/local_setup.bash
[0.726s] -- Up-to-date: /home/matic/bumperbot_ws/install/bumperbot_description/share/bumperbot_description/local_setup.sh
[0.726s] -- Up-to-date: /home/matic/bumperbot_ws/install/bumperbot_description/share/bumperbot_description/local_setup.zsh
[0.727s] -- Up-to-date: /home/matic/bumperbot_ws/install/bumperbot_description/share/bumperbot_description/local_setup.dsv
[0.727s] -- Installing: /home/matic/bumperbot_ws/install/bumperbot_description/share/bumperbot_description/package.dsv
[0.727s] -- Up-to-date: /home/matic/bumperbot_ws/install/bumperbot_description/share/ament_index/resource_index/packages/bumperbot_description
[0.727s] -- Up-to-date: /home/matic/bumperbot_ws/install/bumperbot_description/share/bumperbot_description/cmake/bumperbot_descriptionConfig.cmake
[0.727s] -- Up-to-date: /home/matic/bumperbot_ws/install/bumperbot_description/share/bumperbot_description/cmake/bumperbot_descriptionConfig-version.cmake
[0.728s] -- Installing: /home/matic/bumperbot_ws/install/bumperbot_description/share/bumperbot_description/package.xml
[0.729s] Invoked command in '/home/matic/bumperbot_ws/build/bumperbot_description' returned '0': CMAKE_PREFIX_PATH=${CMAKE_PREFIX_PATH}:/home/matic/bumperbot_ws/install/bumperbot_py_examples:/opt/ros/jazzy DEBUGINFOD_URLS=https://debuginfod.ubuntu.com /usr/bin/cmake --install /home/matic/bumperbot_ws/build/bumperbot_description
