[1.437s] Invoking command in '/home/matic/bumperbot_ws/src/bumperbot_py_examples': DEBUGINFOD_URLS=https://debuginfod.ubuntu.com PYTHONPATH=/home/matic/bumperbot_ws/build/bumperbot_py_examples/prefix_override:/usr/lib/python3/dist-packages/colcon_core/task/python/colcon_distutils_commands:/home/matic/bumperbot_ws/install/bumperbot_py_examples/lib/python3.12/site-packages:${PYTHONPATH} /usr/bin/python3 -W ignore:setup.py install is deprecated -W ignore:easy_install command is deprecated setup.py egg_info --egg-base ../../build/bumperbot_py_examples build --build-base /home/matic/bumperbot_ws/build/bumperbot_py_examples/build install --record /home/matic/bumperbot_ws/build/bumperbot_py_examples/install.log --single-version-externally-managed install_data
[1.792s] running egg_info
[1.823s] writing ../../build/bumperbot_py_examples/bumperbot_py_examples.egg-info/PKG-INFO
[1.824s] writing dependency_links to ../../build/bumperbot_py_examples/bumperbot_py_examples.egg-info/dependency_links.txt
[1.824s] writing entry points to ../../build/bumperbot_py_examples/bumperbot_py_examples.egg-info/entry_points.txt
[1.824s] writing requirements to ../../build/bumperbot_py_examples/bumperbot_py_examples.egg-info/requires.txt
[1.825s] writing top-level names to ../../build/bumperbot_py_examples/bumperbot_py_examples.egg-info/top_level.txt
[1.880s] reading manifest file '../../build/bumperbot_py_examples/bumperbot_py_examples.egg-info/SOURCES.txt'
[1.881s] writing manifest file '../../build/bumperbot_py_examples/bumperbot_py_examples.egg-info/SOURCES.txt'
[1.881s] running build
[1.881s] running build_py
[1.882s] running install
[1.890s] running install_lib
[1.920s] running install_data
[1.921s] running install_egg_info
[1.948s] removing '/home/matic/bumperbot_ws/install/bumperbot_py_examples/lib/python3.12/site-packages/bumperbot_py_examples-0.0.0-py3.12.egg-info' (and everything under it)
[1.949s] Copying ../../build/bumperbot_py_examples/bumperbot_py_examples.egg-info to /home/matic/bumperbot_ws/install/bumperbot_py_examples/lib/python3.12/site-packages/bumperbot_py_examples-0.0.0-py3.12.egg-info
[1.950s] running install_scripts
[2.138s] Installing simple_publisher script to /home/matic/bumperbot_ws/install/bumperbot_py_examples/lib/bumperbot_py_examples
[2.138s] Installing simple_subscriber script to /home/matic/bumperbot_ws/install/bumperbot_py_examples/lib/bumperbot_py_examples
[2.138s] writing list of installed files to '/home/matic/bumperbot_ws/build/bumperbot_py_examples/install.log'
[2.171s] Invoked command in '/home/matic/bumperbot_ws/src/bumperbot_py_examples' returned '0': DEBUGINFOD_URLS=https://debuginfod.ubuntu.com PYTHONPATH=/home/matic/bumperbot_ws/build/bumperbot_py_examples/prefix_override:/usr/lib/python3/dist-packages/colcon_core/task/python/colcon_distutils_commands:/home/matic/bumperbot_ws/install/bumperbot_py_examples/lib/python3.12/site-packages:${PYTHONPATH} /usr/bin/python3 -W ignore:setup.py install is deprecated -W ignore:easy_install command is deprecated setup.py egg_info --egg-base ../../build/bumperbot_py_examples build --build-base /home/matic/bumperbot_ws/build/bumperbot_py_examples/build install --record /home/matic/bumperbot_ws/build/bumperbot_py_examples/install.log --single-version-externally-managed install_data
