[1.659s] Invoking command in '/home/matic/bumperbot_ws/src/bumperbot_py_examples': DEBUGINFOD_URLS=https://debuginfod.ubuntu.com PYTHONPATH=/home/matic/bumperbot_ws/build/bumperbot_py_examples/prefix_override:/usr/lib/python3/dist-packages/colcon_core/task/python/colcon_distutils_commands:/home/matic/bumperbot_ws/install/bumperbot_py_examples/lib/python3.12/site-packages:${PYTHONPATH} /usr/bin/python3 -W ignore:setup.py install is deprecated -W ignore:easy_install command is deprecated setup.py egg_info --egg-base ../../build/bumperbot_py_examples build --build-base /home/matic/bumperbot_ws/build/bumperbot_py_examples/build install --record /home/matic/bumperbot_ws/build/bumperbot_py_examples/install.log --single-version-externally-managed install_data
[2.071s] running egg_info
[2.104s] writing ../../build/bumperbot_py_examples/bumperbot_py_examples.egg-info/PKG-INFO
[2.104s] writing dependency_links to ../../build/bumperbot_py_examples/bumperbot_py_examples.egg-info/dependency_links.txt
[2.105s] writing entry points to ../../build/bumperbot_py_examples/bumperbot_py_examples.egg-info/entry_points.txt
[2.105s] writing requirements to ../../build/bumperbot_py_examples/bumperbot_py_examples.egg-info/requires.txt
[2.106s] writing top-level names to ../../build/bumperbot_py_examples/bumperbot_py_examples.egg-info/top_level.txt
[2.169s] reading manifest file '../../build/bumperbot_py_examples/bumperbot_py_examples.egg-info/SOURCES.txt'
[2.171s] writing manifest file '../../build/bumperbot_py_examples/bumperbot_py_examples.egg-info/SOURCES.txt'
[2.171s] running build
[2.171s] running build_py
[2.172s] running install
[2.180s] running install_lib
[2.217s] running install_data
[2.217s] running install_egg_info
[2.255s] removing '/home/matic/bumperbot_ws/install/bumperbot_py_examples/lib/python3.12/site-packages/bumperbot_py_examples-0.0.0-py3.12.egg-info' (and everything under it)
[2.255s] Copying ../../build/bumperbot_py_examples/bumperbot_py_examples.egg-info to /home/matic/bumperbot_ws/install/bumperbot_py_examples/lib/python3.12/site-packages/bumperbot_py_examples-0.0.0-py3.12.egg-info
[2.257s] running install_scripts
[2.462s] Installing simple_publisher script to /home/matic/bumperbot_ws/install/bumperbot_py_examples/lib/bumperbot_py_examples
[2.463s] Installing simple_subscriber script to /home/matic/bumperbot_ws/install/bumperbot_py_examples/lib/bumperbot_py_examples
[2.463s] writing list of installed files to '/home/matic/bumperbot_ws/build/bumperbot_py_examples/install.log'
[2.494s] Invoked command in '/home/matic/bumperbot_ws/src/bumperbot_py_examples' returned '0': DEBUGINFOD_URLS=https://debuginfod.ubuntu.com PYTHONPATH=/home/matic/bumperbot_ws/build/bumperbot_py_examples/prefix_override:/usr/lib/python3/dist-packages/colcon_core/task/python/colcon_distutils_commands:/home/matic/bumperbot_ws/install/bumperbot_py_examples/lib/python3.12/site-packages:${PYTHONPATH} /usr/bin/python3 -W ignore:setup.py install is deprecated -W ignore:easy_install command is deprecated setup.py egg_info --egg-base ../../build/bumperbot_py_examples build --build-base /home/matic/bumperbot_ws/build/bumperbot_py_examples/build install --record /home/matic/bumperbot_ws/build/bumperbot_py_examples/install.log --single-version-externally-managed install_data
