[0mCMake Error: The current CMakeCache.txt directory /home/matic/self_driving_project/build/bumperbot_description/CMakeCache.txt is different than the directory /home/matic/bumperbot_ws/build/bumperbot_description where CMakeCache.txt was created. This may result in binaries being created in the wrong place. If you are not sure, reedit the CMakeCache.txt[0m
-- Install configuration: ""
-- Up-to-date: /home/matic/bumperbot_ws/install/bumperbot_description/share/bumperbot_description/meshes
-- Up-to-date: /home/matic/bumperbot_ws/install/bumperbot_description/share/bumperbot_description/meshes/wheel_left_link.STL
-- Up-to-date: /home/matic/bumperbot_ws/install/bumperbot_description/share/bumperbot_description/meshes/imu_link.STL
-- Up-to-date: /home/matic/bumperbot_ws/install/bumperbot_description/share/bumperbot_description/meshes/caster_front_link.STL
-- Up-to-date: /home/matic/bumperbot_ws/install/bumperbot_description/share/bumperbot_description/meshes/base_link.STL
-- Up-to-date: /home/matic/bumperbot_ws/install/bumperbot_description/share/bumperbot_description/meshes/wheel_right_link.STL
-- Up-to-date: /home/matic/bumperbot_ws/install/bumperbot_description/share/bumperbot_description/meshes/caster_rear_link.STL
-- Up-to-date: /home/matic/bumperbot_ws/install/bumperbot_description/share/bumperbot_description/urdf
-- Up-to-date: /home/matic/bumperbot_ws/install/bumperbot_description/share/bumperbot_description/urdf/bumperbot.urdf.xacro
-- Up-to-date: /home/matic/bumperbot_ws/install/bumperbot_description/share/bumperbot_description/urdf/bumperbot_gazebo.xacro
-- Up-to-date: /home/matic/bumperbot_ws/install/bumperbot_description/share/bumperbot_description/launch
-- Up-to-date: /home/matic/bumperbot_ws/install/bumperbot_description/share/bumperbot_description/launch/display.launch.py
-- Up-to-date: /home/matic/bumperbot_ws/install/bumperbot_description/share/bumperbot_description/launch/gazebo.launch.py
-- Up-to-date: /home/matic/bumperbot_ws/install/bumperbot_description/share/bumperbot_description/rviz
-- Up-to-date: /home/matic/bumperbot_ws/install/bumperbot_description/share/bumperbot_description/rviz/display.rviz
-- Up-to-date: /home/matic/bumperbot_ws/install/bumperbot_description/share/ament_index/resource_index/package_run_dependencies/bumperbot_description
-- Up-to-date: /home/matic/bumperbot_ws/install/bumperbot_description/share/ament_index/resource_index/parent_prefix_path/bumperbot_description
-- Up-to-date: /home/matic/bumperbot_ws/install/bumperbot_description/share/bumperbot_description/environment/ament_prefix_path.sh
-- Up-to-date: /home/matic/bumperbot_ws/install/bumperbot_description/share/bumperbot_description/environment/ament_prefix_path.dsv
-- Up-to-date: /home/matic/bumperbot_ws/install/bumperbot_description/share/bumperbot_description/environment/path.sh
-- Up-to-date: /home/matic/bumperbot_ws/install/bumperbot_description/share/bumperbot_description/environment/path.dsv
-- Up-to-date: /home/matic/bumperbot_ws/install/bumperbot_description/share/bumperbot_description/local_setup.bash
-- Up-to-date: /home/matic/bumperbot_ws/install/bumperbot_description/share/bumperbot_description/local_setup.sh
-- Up-to-date: /home/matic/bumperbot_ws/install/bumperbot_description/share/bumperbot_description/local_setup.zsh
-- Up-to-date: /home/matic/bumperbot_ws/install/bumperbot_description/share/bumperbot_description/local_setup.dsv
-- Installing: /home/matic/bumperbot_ws/install/bumperbot_description/share/bumperbot_description/package.dsv
-- Up-to-date: /home/matic/bumperbot_ws/install/bumperbot_description/share/ament_index/resource_index/packages/bumperbot_description
-- Up-to-date: /home/matic/bumperbot_ws/install/bumperbot_description/share/bumperbot_description/cmake/bumperbot_descriptionConfig.cmake
-- Up-to-date: /home/matic/bumperbot_ws/install/bumperbot_description/share/bumperbot_description/cmake/bumperbot_descriptionConfig-version.cmake
-- Up-to-date: /home/matic/bumperbot_ws/install/bumperbot_description/share/bumperbot_description/package.xml
