[0.027s] Invoking command in '/home/matic/self_driving_project/build/bumperbot_description': CMAKE_PREFIX_PATH=${CMAKE_PREFIX_PATH}:/home/matic/bumperbot_ws/install/bumperbot_py_examples:/opt/ros/jazzy DEBUGINFOD_URLS=https://debuginfod.ubuntu.com /usr/bin/cmake --build /home/matic/self_driving_project/build/bumperbot_description -- -j8 -l8
[0.036s] [0mCMake Error: The current CMakeCache.txt directory /home/matic/self_driving_project/build/bumperbot_description/CMakeCache.txt is different than the directory /home/matic/bumperbot_ws/build/bumperbot_description where CMakeCache.txt was created. This may result in binaries being created in the wrong place. If you are not sure, reedit the CMakeCache.txt[0m
[0.332s] Invoked command in '/home/matic/self_driving_project/build/bumperbot_description' returned '0': CMAKE_PREFIX_PATH=${CMAKE_PREFIX_PATH}:/home/matic/bumperbot_ws/install/bumperbot_py_examples:/opt/ros/jazzy DEBUGINFOD_URLS=https://debuginfod.ubuntu.com /usr/bin/cmake --build /home/matic/self_driving_project/build/bumperbot_description -- -j8 -l8
[0.334s] Invoking command in '/home/matic/self_driving_project/build/bumperbot_description': CMAKE_PREFIX_PATH=${CMAKE_PREFIX_PATH}:/home/matic/bumperbot_ws/install/bumperbot_py_examples:/opt/ros/jazzy DEBUGINFOD_URLS=https://debuginfod.ubuntu.com /usr/bin/cmake --install /home/matic/self_driving_project/build/bumperbot_description
[0.348s] -- Install configuration: ""
[0.349s] -- Up-to-date: /home/matic/bumperbot_ws/install/bumperbot_description/share/bumperbot_description/meshes
[0.349s] -- Up-to-date: /home/matic/bumperbot_ws/install/bumperbot_description/share/bumperbot_description/meshes/wheel_left_link.STL
[0.350s] -- Up-to-date: /home/matic/bumperbot_ws/install/bumperbot_description/share/bumperbot_description/meshes/imu_link.STL
[0.350s] -- Up-to-date: /home/matic/bumperbot_ws/install/bumperbot_description/share/bumperbot_description/meshes/caster_front_link.STL
[0.351s] -- Up-to-date: /home/matic/bumperbot_ws/install/bumperbot_description/share/bumperbot_description/meshes/base_link.STL
[0.351s] -- Up-to-date: /home/matic/bumperbot_ws/install/bumperbot_description/share/bumperbot_description/meshes/wheel_right_link.STL
[0.351s] -- Up-to-date: /home/matic/bumperbot_ws/install/bumperbot_description/share/bumperbot_description/meshes/caster_rear_link.STL
[0.352s] -- Up-to-date: /home/matic/bumperbot_ws/install/bumperbot_description/share/bumperbot_description/urdf
[0.352s] -- Up-to-date: /home/matic/bumperbot_ws/install/bumperbot_description/share/bumperbot_description/urdf/bumperbot.urdf.xacro
[0.353s] -- Up-to-date: /home/matic/bumperbot_ws/install/bumperbot_description/share/bumperbot_description/urdf/bumperbot_gazebo.xacro
[0.353s] -- Up-to-date: /home/matic/bumperbot_ws/install/bumperbot_description/share/bumperbot_description/launch
[0.353s] -- Up-to-date: /home/matic/bumperbot_ws/install/bumperbot_description/share/bumperbot_description/launch/display.launch.py
[0.354s] -- Up-to-date: /home/matic/bumperbot_ws/install/bumperbot_description/share/bumperbot_description/launch/gazebo.launch.py
[0.354s] -- Up-to-date: /home/matic/bumperbot_ws/install/bumperbot_description/share/bumperbot_description/rviz
[0.355s] -- Up-to-date: /home/matic/bumperbot_ws/install/bumperbot_description/share/bumperbot_description/rviz/display.rviz
[0.355s] -- Up-to-date: /home/matic/bumperbot_ws/install/bumperbot_description/share/ament_index/resource_index/package_run_dependencies/bumperbot_description
[0.356s] -- Up-to-date: /home/matic/bumperbot_ws/install/bumperbot_description/share/ament_index/resource_index/parent_prefix_path/bumperbot_description
[0.356s] -- Up-to-date: /home/matic/bumperbot_ws/install/bumperbot_description/share/bumperbot_description/environment/ament_prefix_path.sh
[0.356s] -- Up-to-date: /home/matic/bumperbot_ws/install/bumperbot_description/share/bumperbot_description/environment/ament_prefix_path.dsv
[0.357s] -- Up-to-date: /home/matic/bumperbot_ws/install/bumperbot_description/share/bumperbot_description/environment/path.sh
[0.357s] -- Up-to-date: /home/matic/bumperbot_ws/install/bumperbot_description/share/bumperbot_description/environment/path.dsv
[0.358s] -- Up-to-date: /home/matic/bumperbot_ws/install/bumperbot_description/share/bumperbot_description/local_setup.bash
[0.358s] -- Up-to-date: /home/matic/bumperbot_ws/install/bumperbot_description/share/bumperbot_description/local_setup.sh
[0.359s] -- Up-to-date: /home/matic/bumperbot_ws/install/bumperbot_description/share/bumperbot_description/local_setup.zsh
[0.359s] -- Up-to-date: /home/matic/bumperbot_ws/install/bumperbot_description/share/bumperbot_description/local_setup.dsv
[0.359s] -- Installing: /home/matic/bumperbot_ws/install/bumperbot_description/share/bumperbot_description/package.dsv
[0.360s] -- Up-to-date: /home/matic/bumperbot_ws/install/bumperbot_description/share/ament_index/resource_index/packages/bumperbot_description
[0.360s] -- Up-to-date: /home/matic/bumperbot_ws/install/bumperbot_description/share/bumperbot_description/cmake/bumperbot_descriptionConfig.cmake
[0.360s] -- Up-to-date: /home/matic/bumperbot_ws/install/bumperbot_description/share/bumperbot_description/cmake/bumperbot_descriptionConfig-version.cmake
[0.360s] -- Up-to-date: /home/matic/bumperbot_ws/install/bumperbot_description/share/bumperbot_description/package.xml
[0.386s] Invoked command in '/home/matic/self_driving_project/build/bumperbot_description' returned '0': CMAKE_PREFIX_PATH=${CMAKE_PREFIX_PATH}:/home/matic/bumperbot_ws/install/bumperbot_py_examples:/opt/ros/jazzy DEBUGINFOD_URLS=https://debuginfod.ubuntu.com /usr/bin/cmake --install /home/matic/self_driving_project/build/bumperbot_description
